<?xml version="1.0" encoding="UTF-8"?>
<!-- Generated by org.testng.reporters.JUnitReportReporter -->
<testsuite skipped="0" hostname="Admin-PC" name="com.qa.callhub.TestCases.LoginPageTest" tests="2" failures="0" timestamp="22 Sep 2019 07:56:22 GMT" time="19.305" errors="0">
  <testcase name="verifyHomePageTitleTest" time="9.144" classname="com.qa.callhub.TestCases.LoginPageTest"/>
  <testcase name="loginTest" time="10.161" classname="com.qa.callhub.TestCases.LoginPageTest"/>
</testsuite> <!-- com.qa.callhub.TestCases.LoginPageTest -->
